<?xml version="1.0" encoding="UTF-8"?>
<!-- Generated by org.testng.reporters.JUnitXMLReporter -->
<testsuite ignored="0" hostname="onlyforashish" failures="0" tests="7" name="CheckBoxTest" time="19.274" errors="0" timestamp="2025-09-06T21:36:02 IST">
  <testcase classname="tests.CheckBoxTest" name="@BeforeTest launchurl" time="19.1">
    <failure type="org.openqa.selenium.NoSuchWindowException" message="no such window: target window already closed
from unknown error: web view not found
  (Session info: chrome=140.0.7339.80)
Build info: version: &amp;apos;4.34.0&amp;apos;, revision: &amp;apos;707dcb4246*&amp;apos;
System info: os.name: &amp;apos;Windows 11&amp;apos;, os.arch: &amp;apos;amd64&amp;apos;, os.version: &amp;apos;10.0&amp;apos;, java.version: &amp;apos;21.0.7&amp;apos;
Driver info: org.openqa.selenium.chrome.ChromeDriver
Command: [9d1827e8a1159549cefc8eb9c7f6beea, maximizeCurrentWindow {}]
Capabilities {acceptInsecureCerts: false, browserName: chrome, browserVersion: 140.0.7339.80, chrome: {chromedriverVersion: 140.0.7339.80 (670b6f192f46..., userDataDir: C:\Users\KIIT\AppData\Local...}, fedcm:accounts: true, goog:chromeOptions: {debuggerAddress: localhost:53792}, networkConnectionEnabled: false, pageLoadStrategy: normal, platformName: windows, proxy: Proxy(), se:cdp: ws://localhost:53792/devtoo..., se:cdpVersion: 140.0.7339.80, setWindowRect: true, strictFileInteractability: false, timeouts: {implicit: 0, pageLoad: 300000, script: 30000}, unhandledPromptBehavior: dismiss and notify, webauthn:extension:credBlob: true, webauthn:extension:largeBlob: true, webauthn:extension:minPinLength: true, webauthn:extension:prf: true, webauthn:virtualAuthenticators: true}
Session ID: 9d1827e8a1159549cefc8eb9c7f6beea">
      <![CDATA[org.openqa.selenium.NoSuchWindowException: no such window: target window already closed
from unknown error: web view not found
  (Session info: chrome=140.0.7339.80)
Build info: version: '4.34.0', revision: '707dcb4246*'
System info: os.name: 'Windows 11', os.arch: 'amd64', os.version: '10.0', java.version: '21.0.7'
Driver info: org.openqa.selenium.chrome.ChromeDriver
Command: [9d1827e8a1159549cefc8eb9c7f6beea, maximizeCurrentWindow {}]
Capabilities {acceptInsecureCerts: false, browserName: chrome, browserVersion: 140.0.7339.80, chrome: {chromedriverVersion: 140.0.7339.80 (670b6f192f46..., userDataDir: C:\Users\KIIT\AppData\Local...}, fedcm:accounts: true, goog:chromeOptions: {debuggerAddress: localhost:53792}, networkConnectionEnabled: false, pageLoadStrategy: normal, platformName: windows, proxy: Proxy(), se:cdp: ws://localhost:53792/devtoo..., se:cdpVersion: 140.0.7339.80, setWindowRect: true, strictFileInteractability: false, timeouts: {implicit: 0, pageLoad: 300000, script: 30000}, unhandledPromptBehavior: dismiss and notify, webauthn:extension:credBlob: true, webauthn:extension:largeBlob: true, webauthn:extension:minPinLength: true, webauthn:extension:prf: true, webauthn:virtualAuthenticators: true}
Session ID: 9d1827e8a1159549cefc8eb9c7f6beea
at org.openqa.selenium.remote.ErrorCodec.decode(ErrorCodec.java:167)
at org.openqa.selenium.remote.codec.w3c.W3CHttpResponseCodec.decode(W3CHttpResponseCodec.java:138)
at org.openqa.selenium.remote.codec.w3c.W3CHttpResponseCodec.decode(W3CHttpResponseCodec.java:50)
at org.openqa.selenium.remote.HttpCommandExecutor.execute(HttpCommandExecutor.java:215)
at org.openqa.selenium.remote.service.DriverCommandExecutor.invokeExecute(DriverCommandExecutor.java:216)
at org.openqa.selenium.remote.service.DriverCommandExecutor.execute(DriverCommandExecutor.java:174)
at org.openqa.selenium.remote.RemoteWebDriver.execute(RemoteWebDriver.java:544)
at org.openqa.selenium.remote.RemoteWebDriver.execute(RemoteWebDriver.java:617)
at org.openqa.selenium.remote.RemoteWebDriver.execute(RemoteWebDriver.java:621)
at org.openqa.selenium.remote.RemoteWebDriver$RemoteWebDriverOptions$RemoteWindow.maximize(RemoteWebDriver.java:1047)
at baselibrary.BaseLibrary.launchUrl(BaseLibrary.java:53)
at tests.CheckBoxTest.launchurl(CheckBoxTest.java:19)
... Removed 25 stack frames]]>
    </failure>
  </testcase> <!-- @BeforeTest launchurl -->
  <testcase classname="tests.CheckBoxTest" name="@AfterTest clickOnClosebrowser" time="0.0">
    <skipped/>
  </testcase> <!-- @AfterTest clickOnClosebrowser -->
  <testcase classname="tests.CheckBoxTest" name="clickOnclose" time="0.0">
    <skipped/>
  </testcase> <!-- clickOnclose -->
  <testcase classname="tests.CheckBoxTest" name="clickOnprictice" time="0.0">
    <skipped/>
  </testcase> <!-- clickOnprictice -->
  <testcase classname="tests.CheckBoxTest" name="clickOnelements" time="0.0">
    <skipped/>
  </testcase> <!-- clickOnelements -->
  <testcase classname="tests.CheckBoxTest" name="clickOncheckBox" time="0.0">
    <skipped/>
  </testcase> <!-- clickOncheckBox -->
  <testcase classname="tests.CheckBoxTest" name="clickOnmobileCheck" time="0.0">
    <skipped/>
  </testcase> <!-- clickOnmobileCheck -->
  <testcase classname="tests.CheckBoxTest" name="clickonlaptopcheck" time="0.0">
    <skipped/>
  </testcase> <!-- clickonlaptopcheck -->
  <testcase classname="tests.CheckBoxTest" name="clickondesktopcheck" time="0.0">
    <skipped/>
  </testcase> <!-- clickondesktopcheck -->
</testsuite> <!-- CheckBoxTest -->
